nohup: ignoring input
CuDNN: True
GPU available: True
Status: train
Seg:  True
Train file: data/conll03/train.bmes
Dev file: data/conll03/dev.bmes
Test file: data/conll03/test.bmes
Raw file: None
Model saved to: data/conll03/saved_model.lstmcrf
Word Embedding: glove
Embedding:
     pretrain word:400000, prefect match:11415, case_match:11656, oov:2235, oov%:0.088315485834
Training model...
DATA SUMMARY START:
     Tag          scheme: BMES
     MAX SENTENCE LENGTH: 512
     MAX   WORD   LENGTH: -1
     Number   normalized: True
     Word  alphabet size: 25307
     Char  alphabet size: 80
     Label alphabet size: 18
     Word embedding size: 100
     Char embedding size: 30
     Train instance number: 14987
     Dev   instance number: 3466
     Test  instance number: 3684
     Raw   instance number: 0
     Hyperpara  iteration: 100
     Hyperpara  batch size: 10
     Hyperpara          lr: 0.015
     Hyperpara    lr_decay: 0
     Hyperpara     HP_clip: 5.0
     Hyperpara    momentum: 0
     Hyperpara  hidden_dim: 200
     Hyperpara     dropout: 0.5
     Hyperpara  lstm_layer: 1
     Hyperpara      bilstm: True
     Hyperpara         GPU: True
     Hyperpara    use_char: True
             Char_features: CNN
DATA SUMMARY END.
Data setting saved to file:  data/conll03/saved_model.lstmcrf.dset
build batched lstmcrf...
build batched bilstm...
build batched char cnn...
build batched crf...
Epoch: 0/100
 Learning rate is setted as: 0.015
     Instance: 500; Time: 31.28s; loss: 5479.1145; acc: 5227.0/6406.0=0.8160
     Instance: 1000; Time: 29.06s; loss: 3013.7936; acc: 10767.0/12776.0=0.8428
     Instance: 1500; Time: 32.41s; loss: 2610.3426; acc: 17044.0/19809.0=0.8604
     Instance: 2000; Time: 29.70s; loss: 2119.4519; acc: 22838.0/26272.0=0.8693
     Instance: 2500; Time: 23.28s; loss: 1716.8785; acc: 29292.0/33317.0=0.8792
     Instance: 3000; Time: 24.23s; loss: 1633.9401; acc: 35929.0/40520.0=0.8867
     Instance: 3500; Time: 31.02s; loss: 1202.7426; acc: 42054.0/47101.0=0.8928
     Instance: 4000; Time: 30.47s; loss: 1118.6593; acc: 48475.0/53945.0=0.8986
     Instance: 4500; Time: 17.59s; loss: 974.0958; acc: 55128.0/60952.0=0.9044
     Instance: 5000; Time: 17.29s; loss: 1173.0074; acc: 61788.0/68057.0=0.9079
     Instance: 5500; Time: 17.75s; loss: 1113.8414; acc: 68226.0/74907.0=0.9108
     Instance: 6000; Time: 17.73s; loss: 882.4968; acc: 74709.0/81716.0=0.9143
     Instance: 6500; Time: 16.49s; loss: 903.7254; acc: 81157.0/88497.0=0.9171
     Instance: 7000; Time: 9.26s; loss: 828.1061; acc: 87573.0/95255.0=0.9194
     Instance: 7500; Time: 7.18s; loss: 948.3195; acc: 93861.0/101920.0=0.9209
     Instance: 8000; Time: 7.00s; loss: 807.3807; acc: 99917.0/108279.0=0.9228
     Instance: 8500; Time: 7.19s; loss: 877.3864; acc: 106633.0/115317.0=0.9247
     Instance: 9000; Time: 16.65s; loss: 776.0983; acc: 112940.0/121924.0=0.9263
     Instance: 9500; Time: 18.14s; loss: 761.5421; acc: 119710.0/129003.0=0.9280
     Instance: 10000; Time: 16.78s; loss: 768.7271; acc: 126205.0/135811.0=0.9293
     Instance: 10500; Time: 16.77s; loss: 753.5396; acc: 132435.0/142340.0=0.9304
     Instance: 11000; Time: 16.89s; loss: 773.4203; acc: 138861.0/149088.0=0.9314
     Instance: 11500; Time: 16.98s; loss: 730.3505; acc: 145571.0/156100.0=0.9325
     Instance: 12000; Time: 17.97s; loss: 678.5355; acc: 152281.0/163090.0=0.9337
     Instance: 12500; Time: 16.46s; loss: 755.5661; acc: 159310.0/170425.0=0.9348
     Instance: 13000; Time: 16.88s; loss: 662.8668; acc: 165810.0/177202.0=0.9357
     Instance: 13500; Time: 17.59s; loss: 668.0680; acc: 172473.0/184132.0=0.9367
     Instance: 14000; Time: 16.51s; loss: 643.7981; acc: 178931.0/190837.0=0.9376
     Instance: 14500; Time: 17.41s; loss: 708.1467; acc: 185946.0/198162.0=0.9384
     Instance: 14987; Time: 16.48s; loss: 657.6568; acc: 192077.0/204567.0=0.9389
Epoch: 0 training finished. Time: 570.45s, speed: 26.27st/s,  total loss: 36741.598587
gold_num =  5943  pred_num =  5958  right_num =  5240
Dev: time: 11.46s, speed: 303.37st/s; acc: 0.9747, p: 0.8795, r: 0.8817, f: 0.8806
Exceed previous best f score: -1
gold_num =  5654  pred_num =  5704  right_num =  4821
Test: time: 11.46s, speed: 322.71st/s; acc: 0.9666, p: 0.8452, r: 0.8527, f: 0.8489
Epoch: 1/100
 Learning rate is setted as: 0.015
     Instance: 500; Time: 15.72s; loss: 658.7354; acc: 7028.0/7279.0=0.9655
     Instance: 1000; Time: 8.15s; loss: 587.0477; acc: 13231.0/13710.0=0.9651
     Instance: 1500; Time: 7.36s; loss: 622.8896; acc: 19850.0/20589.0=0.9641
     Instance: 2000; Time: 7.26s; loss: 648.7481; acc: 26282.0/27307.0=0.9625
     Instance: 2500; Time: 8.02s; loss: 568.1147; acc: 32789.0/34059.0=0.9627
     Instance: 3000; Time: 18.33s; loss: 663.6006; acc: 39526.0/41070.0=0.9624
     Instance: 3500; Time: 17.41s; loss: 582.9053; acc: 46087.0/47866.0=0.9628
Killed
