CuDNN: True
GPU available: False
Status: train
Seg:  True
Train file: ../data/conll03/train.bmes
Dev file: ../data/conll03/dev.bmes
Test file: ../data/conll03/test.bmes
Raw file: None
Model saved to: ../data/conll03/saved_model
Word Embedding: glove
Embedding:
     pretrain word:400000, prefect match:11415, case_match:11656, oov:2235, oov%:0.088315485834
Training model...
DATA SUMMARY START:
     Tag          scheme: BMES
     MAX SENTENCE LENGTH: 512
     MAX   WORD   LENGTH: -1
     Number   normalized: True
     Word  alphabet size: 25307
     Char  alphabet size: 80
     Label alphabet size: 18
     Word embedding size: 100
     Char embedding size: 30
     Train instance number: 14987
     Dev   instance number: 3466
     Test  instance number: 3684
     Raw   instance number: 0
     Hyperpara  iteration: 100
     Hyperpara  batch size: 10
     Hyperpara          lr: 0.015
     Hyperpara    lr_decay: 0
     Hyperpara     HP_clip: 5.0
     Hyperpara    momentum: 0
     Hyperpara  hidden_dim: 200
     Hyperpara     dropout: 0.5
     Hyperpara  lstm_layer: 1
     Hyperpara      bilstm: True
     Hyperpara         GPU: False
     Hyperpara    use_char: True
             Char_features: CNN
DATA SUMMARY END.
Data setting saved to file:  ../data/conll03/saved_model.dset
build batched bilstm...
build batched char cnn...
Epoch: 0/100
 Learning rate is setted as: 0.015
     Instance: 500; Time: 5.20s; loss: 5487.4146; acc: 5156.0/6406.0=0.8049
     Instance: 1000; Time: 5.34s; loss: 3647.6184; acc: 10653.0/12776.0=0.8338
     Instance: 1500; Time: 5.75s; loss: 3348.2017; acc: 16847.0/19809.0=0.8505
     Instance: 2000; Time: 5.40s; loss: 2959.0011; acc: 22563.0/26272.0=0.8588
     Instance: 2500; Time: 5.66s; loss: 2476.7001; acc: 28922.0/33317.0=0.8681
     Instance: 3000; Time: 5.37s; loss: 2360.4293; acc: 35465.0/40520.0=0.8752
     Instance: 3500; Time: 6.18s; loss: 1801.0352; acc: 41527.0/47101.0=0.8817
     Instance: 4000; Time: 5.76s; loss: 1722.9074; acc: 47890.0/53945.0=0.8878
     Instance: 4500; Time: 5.58s; loss: 1691.1734; acc: 54406.0/60952.0=0.8926
     Instance: 5000; Time: 5.41s; loss: 1821.7707; acc: 60975.0/68057.0=0.8959
     Instance: 5500; Time: 5.33s; loss: 1740.6920; acc: 67307.0/74907.0=0.8985
     Instance: 6000; Time: 5.52s; loss: 1400.1208; acc: 73703.0/81716.0=0.9019
     Instance: 6500; Time: 5.98s; loss: 1349.4808; acc: 80085.0/88497.0=0.9049
     Instance: 7000; Time: 5.77s; loss: 1294.7598; acc: 86452.0/95255.0=0.9076
     Instance: 7500; Time: 5.79s; loss: 1523.8924; acc: 92686.0/101920.0=0.9094
     Instance: 8000; Time: 5.74s; loss: 1215.3711; acc: 98701.0/108279.0=0.9115
     Instance: 8500; Time: 5.91s; loss: 1267.6390; acc: 105367.0/115317.0=0.9137
     Instance: 9000; Time: 5.42s; loss: 1236.2168; acc: 111616.0/121924.0=0.9155
     Instance: 9500; Time: 6.04s; loss: 1206.9139; acc: 118351.0/129003.0=0.9174
     Instance: 10000; Time: 5.38s; loss: 1141.4427; acc: 124832.0/135811.0=0.9192
     Instance: 10500; Time: 5.20s; loss: 1071.0788; acc: 131048.0/142340.0=0.9207
     Instance: 11000; Time: 5.14s; loss: 1216.1684; acc: 137445.0/149088.0=0.9219
     Instance: 11500; Time: 6.05s; loss: 1161.8554; acc: 144114.0/156100.0=0.9232
     Instance: 12000; Time: 6.08s; loss: 1038.9580; acc: 150801.0/163090.0=0.9246
     Instance: 12500; Time: 6.20s; loss: 1146.1540; acc: 157798.0/170425.0=0.9259
     Instance: 13000; Time: 5.60s; loss: 1038.2893; acc: 164278.0/177202.0=0.9271
     Instance: 13500; Time: 6.03s; loss: 1052.3345; acc: 170885.0/184132.0=0.9281
     Instance: 14000; Time: 5.38s; loss: 926.7993; acc: 177284.0/190837.0=0.9290
     Instance: 14500; Time: 5.97s; loss: 1131.5792; acc: 184276.0/198162.0=0.9299
     Instance: 14987; Time: 5.48s; loss: 988.9229; acc: 190384.0/204567.0=0.9307
Epoch: 0 training finished. Time: 169.65s, speed: 88.34st/s,  total loss: 51464.9209942
gold_num =  5943  pred_num =  5995  right_num =  5194
Dev: time: 10.41s, speed: 335.50st/s; acc: 0.9724, p: 0.8664, r: 0.8740, f: 0.8702
Exceed previous best f score: -1
gold_num =  5654  pred_num =  5722  right_num =  4819
Test: time: 10.17s, speed: 365.92st/s; acc: 0.9667, p: 0.8422, r: 0.8523, f: 0.8472
Epoch: 1/100
 Learning rate is setted as: 0.015
     Instance: 500; Time: 5.46s; loss: 1039.8653; acc: 6977.0/7279.0=0.9585
     Instance: 1000; Time: 5.43s; loss: 988.3595; acc: 13124.0/13710.0=0.9573
     Instance: 1500; Time: 5.50s; loss: 889.3601; acc: 19722.0/20589.0=0.9579
     Instance: 2000; Time: 5.66s; loss: 1066.1361; acc: 26110.0/27307.0=0.9562
     Instance: 2500; Time: 5.30s; loss: 817.8261; acc: 32619.0/34059.0=0.9577
     Instance: 3000; Time: 5.95s; loss: 1009.4597; acc: 39361.0/41070.0=0.9584
     Instance: 3500; Time: 5.33s; loss: 833.0508; acc: 45919.0/47866.0=0.9593
     Instance: 4000; Time: 5.54s; loss: 1017.3521; acc: 52387.0/54641.0=0.9587
     Instance: 4500; Time: 5.45s; loss: 844.2326; acc: 58574.0/61067.0=0.9592
     Instance: 5000; Time: 5.25s; loss: 1069.3404; acc: 65424.0/68200.0=0.9593
     Instance: 5500; Time: 5.24s; loss: 784.7431; acc: 71968.0/74975.0=0.9599
     Instance: 6000; Time: 4.95s; loss: 953.7166; acc: 78377.0/81649.0=0.9599
     Instance: 6500; Time: 6.10s; loss: 975.1265; acc: 85262.0/88799.0=0.9602
     Instance: 7000; Time: 5.53s; loss: 1054.5537; acc: 91620.0/95465.0=0.9597
     Instance: 7500; Time: 5.15s; loss: 889.7369; acc: 97883.0/101986.0=0.9598
     Instance: 8000; Time: 5.15s; loss: 913.6239; acc: 104360.0/108740.0=0.9597
     Instance: 8500; Time: 5.19s; loss: 857.7196; acc: 110810.0/115444.0=0.9599
     Instance: 9000; Time: 5.16s; loss: 809.9262; acc: 117438.0/122310.0=0.9602
     Instance: 9500; Time: 5.32s; loss: 821.0986; acc: 123692.0/128798.0=0.9604
     Instance: 10000; Time: 5.89s; loss: 776.3116; acc: 130307.0/135623.0=0.9608
     Instance: 10500; Time: 5.74s; loss: 773.5754; acc: 136502.0/142065.0=0.9608
     Instance: 11000; Time: 5.06s; loss: 885.9256; acc: 142930.0/148753.0=0.9609
     Instance: 11500; Time: 5.38s; loss: 822.8804; acc: 149743.0/155796.0=0.9611
     Instance: 12000; Time: 5.19s; loss: 869.0376; acc: 156704.0/163016.0=0.9613
     Instance: 12500; Time: 5.63s; loss: 872.1379; acc: 163347.0/169894.0=0.9615
     Instance: 13000; Time: 5.47s; loss: 832.3844; acc: 170168.0/176959.0=0.9616
     Instance: 13500; Time: 5.51s; loss: 1030.7025; acc: 176957.0/184051.0=0.9615
     Instance: 14000; Time: 5.56s; loss: 884.4209; acc: 183936.0/191272.0=0.9616
     Instance: 14500; Time: 5.44s; loss: 830.3281; acc: 190389.0/197976.0=0.9617
     Instance: 14987; Time: 5.73s; loss: 700.7897; acc: 196771.0/204567.0=0.9619
Epoch: 1 training finished. Time: 163.27s, speed: 91.79st/s,  total loss: 26913.7221939
gold_num =  5943  pred_num =  5899  right_num =  5333
Dev: time: 10.88s, speed: 321.02st/s; acc: 0.9788, p: 0.9041, r: 0.8974, f: 0.9007
Exceed previous best f score: 0.870162506282
gold_num =  5654  pred_num =  5619  right_num =  4848
Test: time: 10.45s, speed: 355.41st/s; acc: 0.9702, p: 0.8628, r: 0.8574, f: 0.8601
Epoch: 2/100
 Learning rate is setted as: 0.015
     Instance: 500; Time: 4.98s; loss: 715.4119; acc: 6505.0/6732.0=0.9663
     Instance: 1000; Time: 5.14s; loss: 725.4525; acc: 12801.0/13249.0=0.9662
     Instance: 1500; Time: 5.67s; loss: 736.5268; acc: 19231.0/19882.0=0.9673
     Instance: 2000; Time: 5.25s; loss: 798.5318; acc: 25741.0/26624.0=0.9668
     Instance: 2500; Time: 5.55s; loss: 728.7911; acc: 32079.0/33181.0=0.9668
     Instance: 3000; Time: 5.60s; loss: 702.9203; acc: 38629.0/39946.0=0.9670
     Instance: 3500; Time: 5.71s; loss: 772.8701; acc: 45373.0/46898.0=0.9675
     Instance: 4000; Time: 5.48s; loss: 737.8531; acc: 52327.0/54074.0=0.9677
     Instance: 4500; Time: 5.28s; loss: 673.5090; acc: 58596.0/60530.0=0.9680
     Instance: 5000; Time: 5.88s; loss: 818.4368; acc: 65080.0/67237.0=0.9679
     Instance: 5500; Time: 5.22s; loss: 720.4329; acc: 71484.0/73860.0=0.9678
     Instance: 6000; Time: 5.17s; loss: 714.9618; acc: 78257.0/80835.0=0.9681
     Instance: 6500; Time: 4.98s; loss: 596.0794; acc: 84446.0/87188.0=0.9686
     Instance: 7000; Time: 5.62s; loss: 720.9747; acc: 90799.0/93758.0=0.9684
     Instance: 7500; Time: 5.64s; loss: 665.0437; acc: 97667.0/100815.0=0.9688
     Instance: 8000; Time: 5.73s; loss: 750.1450; acc: 104589.0/107967.0=0.9687
     Instance: 8500; Time: 4.87s; loss: 665.6569; acc: 110684.0/114246.0=0.9688
     Instance: 9000; Time: 5.32s; loss: 648.8703; acc: 117227.0/120981.0=0.9690
     Instance: 9500; Time: 5.73s; loss: 619.0195; acc: 123701.0/127631.0=0.9692
     Instance: 10000; Time: 5.59s; loss: 711.7148; acc: 130351.0/134498.0=0.9692
     Instance: 10500; Time: 5.84s; loss: 1032.2745; acc: 137238.0/141674.0=0.9687
     Instance: 11000; Time: 5.12s; loss: 741.5969; acc: 143593.0/148261.0=0.9685
     Instance: 11500; Time: 5.24s; loss: 792.0836; acc: 150395.0/155293.0=0.9685
     Instance: 12000; Time: 5.49s; loss: 740.7448; acc: 157758.0/162866.0=0.9686
     Instance: 12500; Time: 5.91s; loss: 794.0364; acc: 164637.0/169967.0=0.9686
     Instance: 13000; Time: 5.63s; loss: 748.4832; acc: 171595.0/177146.0=0.9687
     Instance: 13500; Time: 5.90s; loss: 776.5718; acc: 178576.0/184355.0=0.9687
     Instance: 14000; Time: 5.66s; loss: 829.9833; acc: 185383.0/191401.0=0.9686
     Instance: 14500; Time: 5.37s; loss: 723.3612; acc: 191811.0/198027.0=0.9686
     Instance: 14987; Time: 5.41s; loss: 782.1168; acc: 198142.0/204567.0=0.9686
Epoch: 2 training finished. Time: 163.98s, speed: 91.40st/s,  total loss: 22184.4550328
gold_num =  5943  pred_num =  5914  right_num =  5410
Dev: time: 10.86s, speed: 321.64st/s; acc: 0.9809, p: 0.9148, r: 0.9103, f: 0.9125
Exceed previous best f score: 0.9006924506
gold_num =  5654  pred_num =  5645  right_num =  4959
Test: time: 10.63s, speed: 349.66st/s; acc: 0.9732, p: 0.8785, r: 0.8771, f: 0.8778
Epoch: 3/100
 Learning rate is setted as: 0.015
     Instance: 500; Time: 5.38s; loss: 704.5898; acc: 6607.0/6802.0=0.9713
     Instance: 1000; Time: 5.38s; loss: 597.1095; acc: 13337.0/13723.0=0.9719
     Instance: 1500; Time: 5.92s; loss: 653.2771; acc: 20241.0/20803.0=0.9730
     Instance: 2000; Time: 5.22s; loss: 712.9137; acc: 26566.0/27333.0=0.9719
     Instance: 2500; Time: 5.64s; loss: 656.0953; acc: 33445.0/34419.0=0.9717
     Instance: 3000; Time: 5.51s; loss: 666.2090; acc: 39992.0/41157.0=0.9717
     Instance: 3500; Time: 5.39s; loss: 794.8138; acc: 46642.0/48005.0=0.9716
     Instance: 4000; Time: 5.28s; loss: 737.7729; acc: 53208.0/54776.0=0.9714
     Instance: 4500; Time: 5.22s; loss: 686.0995; acc: 59908.0/61683.0=0.9712
     Instance: 5000; Time: 5.50s; loss: 589.5400; acc: 66088.0/68026.0=0.9715
     Instance: 5500; Time: 5.56s; loss: 673.1023; acc: 73105.0/75250.0=0.9715
     Instance: 6000; Time: 5.01s; loss: 640.1812; acc: 79739.0/82082.0=0.9715
     Instance: 6500; Time: 4.98s; loss: 623.3035; acc: 86049.0/88576.0=0.9715
     Instance: 7000; Time: 5.22s; loss: 502.1970; acc: 92733.0/95409.0=0.9720
     Instance: 7500; Time: 5.36s; loss: 584.5722; acc: 99217.0/102079.0=0.9720
     Instance: 8000; Time: 5.77s; loss: 620.2470; acc: 106068.0/109116.0=0.9721
     Instance: 8500; Time: 5.63s; loss: 656.1178; acc: 112675.0/115909.0=0.9721
     Instance: 9000; Time: 5.35s; loss: 715.3654; acc: 119344.0/122770.0=0.9721
     Instance: 9500; Time: 5.30s; loss: 665.8421; acc: 125908.0/129530.0=0.9720
     Instance: 10000; Time: 5.80s; loss: 719.2359; acc: 132697.0/136513.0=0.9720
     Instance: 10500; Time: 5.68s; loss: 713.6365; acc: 139385.0/143415.0=0.9719
     Instance: 11000; Time: 5.78s; loss: 646.0238; acc: 146332.0/150541.0=0.9720
     Instance: 11500; Time: 5.20s; loss: 603.1704; acc: 152935.0/157330.0=0.9721
     Instance: 12000; Time: 5.53s; loss: 713.7387; acc: 159944.0/164559.0=0.9720
     Instance: 12500; Time: 5.49s; loss: 768.0505; acc: 166730.0/171565.0=0.9718
     Instance: 13000; Time: 5.29s; loss: 595.2458; acc: 173238.0/178234.0=0.9720
     Instance: 13500; Time: 4.89s; loss: 559.3193; acc: 179039.0/184193.0=0.9720
     Instance: 14000; Time: 5.53s; loss: 674.3725; acc: 186031.0/191380.0=0.9721
     Instance: 14500; Time: 5.51s; loss: 624.5016; acc: 192505.0/198052.0=0.9720
     Instance: 14987; Time: 5.54s; loss: 550.3450; acc: 198876.0/204567.0=0.9722
Epoch: 3 training finished. Time: 162.86s, speed: 92.02st/s,  total loss: 19646.988891
gold_num =  5943  pred_num =  5899  right_num =  5454
Dev: time: 10.88s, speed: 320.66st/s; acc: 0.9820, p: 0.9246, r: 0.9177, f: 0.9211
Exceed previous best f score: 0.912541114953
gold_num =  5654  pred_num =  5604  right_num =  4989
Test: time: 10.19s, speed: 364.79st/s; acc: 0.9738, p: 0.8903, r: 0.8824, f: 0.8863
Epoch: 4/100
 Learning rate is setted as: 0.015
     Instance: 500; Time: 5.10s; loss: 578.0915; acc: 6423.0/6594.0=0.9741
     Instance: 1000; Time: 5.40s; loss: 580.0995; acc: 12777.0/13113.0=0.9744
     Instance: 1500; Time: 5.53s; loss: 493.1008; acc: 19387.0/19865.0=0.9759
     Instance: 2000; Time: 5.57s; loss: 406.6723; acc: 26264.0/26867.0=0.9776
     Instance: 2500; Time: 5.89s; loss: 625.5626; acc: 33245.0/34033.0=0.9768
     Instance: 3000; Time: 5.42s; loss: 696.7997; acc: 39802.0/40788.0=0.9758
     Instance: 3500; Time: 5.44s; loss: 492.5980; acc: 46120.0/47251.0=0.9761
     Instance: 4000; Time: 5.31s; loss: 615.4021; acc: 52986.0/54299.0=0.9758
     Instance: 4500; Time: 5.32s; loss: 622.8953; acc: 60021.0/61510.0=0.9758
     Instance: 5000; Time: 5.25s; loss: 530.5783; acc: 66583.0/68233.0=0.9758
     Instance: 5500; Time: 4.97s; loss: 683.4218; acc: 73430.0/75267.0=0.9756
     Instance: 6000; Time: 5.09s; loss: 618.7852; acc: 80151.0/82160.0=0.9755
     Instance: 6500; Time: 5.12s; loss: 529.0095; acc: 87246.0/89415.0=0.9757
     Instance: 7000; Time: 4.98s; loss: 579.3914; acc: 93656.0/95994.0=0.9756
     Instance: 7500; Time: 6.71s; loss: 786.4944; acc: 100346.0/102914.0=0.9750
     Instance: 8000; Time: 5.19s; loss: 585.3535; acc: 107032.0/109779.0=0.9750
     Instance: 8500; Time: 5.18s; loss: 716.2022; acc: 113754.0/116699.0=0.9748
     Instance: 9000; Time: 4.89s; loss: 546.2252; acc: 119940.0/123052.0=0.9747
     Instance: 9500; Time: 5.36s; loss: 555.7144; acc: 126594.0/129884.0=0.9747
     Instance: 10000; Time: 5.43s; loss: 549.0138; acc: 133017.0/136470.0=0.9747
     Instance: 10500; Time: 5.31s; loss: 630.2476; acc: 139131.0/142752.0=0.9746
     Instance: 11000; Time: 5.64s; loss: 776.2864; acc: 145997.0/149845.0=0.9743
     Instance: 11500; Time: 5.68s; loss: 544.5926; acc: 152967.0/156981.0=0.9744
     Instance: 12000; Time: 5.19s; loss: 651.4555; acc: 159635.0/163861.0=0.9742
run_main.sh: line 7:  5642 Killed: 9               python main.py --status train --embedding glove --train ../data/$1/train.bmes --dev ../data/$1/dev.bmes --test ../data/$1/test.bmes --savemodel ../data/$1/saved_model
